{"/home/sudefe/learning-projects/tasks-api/index.js": {"path":"/home/sudefe/learning-projects/tasks-api/index.js","statementMap":{"0":{"start":{"line":7,"column":18},"end":{"line":7,"column":49}},"1":{"start":{"line":8,"column":18},"end":{"line":8,"column":42}},"2":{"start":{"line":11,"column":18},"end":{"line":11,"column":60}},"3":{"start":{"line":15,"column":4},"end":{"line":22,"column":null}},"4":{"start":{"line":16,"column":20},"end":{"line":16,"column":55}},"5":{"start":{"line":17,"column":21},"end":{"line":17,"column":36}},"6":{"start":{"line":18,"column":8},"end":{"line":18,"column":null}},"7":{"start":{"line":21,"column":8},"end":{"line":21,"column":null}},"8":{"start":{"line":26,"column":4},"end":{"line":26,"column":null}},"9":{"start":{"line":29,"column":11},"end":{"line":29,"column":21}},"10":{"start":{"line":30,"column":13},"end":{"line":30,"column":37}},"11":{"start":{"line":33,"column":0},"end":{"line":33,"column":null}},"12":{"start":{"line":36,"column":0},"end":{"line":38,"column":null}},"13":{"start":{"line":37,"column":4},"end":{"line":37,"column":null}},"14":{"start":{"line":47,"column":0},"end":{"line":103,"column":null}},"15":{"start":{"line":48,"column":63},"end":{"line":48,"column":72}},"16":{"start":{"line":49,"column":16},"end":{"line":49,"column":27}},"17":{"start":{"line":52,"column":4},"end":{"line":58,"column":null}},"18":{"start":{"line":53,"column":8},"end":{"line":55,"column":null}},"19":{"start":{"line":54,"column":12},"end":{"line":54,"column":null}},"20":{"start":{"line":56,"column":25},"end":{"line":56,"column":40}},"21":{"start":{"line":57,"column":8},"end":{"line":57,"column":null}},"22":{"start":{"line":57,"column":36},"end":{"line":57,"column":55}},"23":{"start":{"line":61,"column":4},"end":{"line":64,"column":null}},"24":{"start":{"line":62,"column":24},"end":{"line":62,"column":44}},"25":{"start":{"line":63,"column":8},"end":{"line":63,"column":null}},"26":{"start":{"line":63,"column":36},"end":{"line":63,"column":75}},"27":{"start":{"line":68,"column":4},"end":{"line":80,"column":null}},"28":{"start":{"line":69,"column":28},"end":{"line":69,"column":64}},"29":{"start":{"line":70,"column":8},"end":{"line":72,"column":null}},"30":{"start":{"line":71,"column":12},"end":{"line":71,"column":null}},"31":{"start":{"line":73,"column":8},"end":{"line":79,"column":null}},"32":{"start":{"line":74,"column":25},"end":{"line":74,"column":32}},"33":{"start":{"line":75,"column":25},"end":{"line":75,"column":32}},"34":{"start":{"line":76,"column":12},"end":{"line":76,"column":null}},"35":{"start":{"line":76,"column":29},"end":{"line":76,"column":null}},"36":{"start":{"line":77,"column":12},"end":{"line":77,"column":null}},"37":{"start":{"line":77,"column":29},"end":{"line":77,"column":null}},"38":{"start":{"line":78,"column":12},"end":{"line":78,"column":null}},"39":{"start":{"line":83,"column":20},"end":{"line":83,"column":25}},"40":{"start":{"line":84,"column":4},"end":{"line":96,"column":null}},"41":{"start":{"line":85,"column":20},"end":{"line":85,"column":35}},"42":{"start":{"line":86,"column":19},"end":{"line":86,"column":38}},"43":{"start":{"line":87,"column":8},"end":{"line":89,"column":null}},"44":{"start":{"line":88,"column":12},"end":{"line":88,"column":null}},"45":{"start":{"line":90,"column":8},"end":{"line":92,"column":null}},"46":{"start":{"line":91,"column":12},"end":{"line":91,"column":null}},"47":{"start":{"line":93,"column":22},"end":{"line":93,"column":36}},"48":{"start":{"line":94,"column":20},"end":{"line":94,"column":31}},"49":{"start":{"line":95,"column":8},"end":{"line":95,"column":null}},"50":{"start":{"line":97,"column":4},"end":{"line":102,"column":null}},"51":{"start":{"line":109,"column":0},"end":{"line":116,"column":null}},"52":{"start":{"line":110,"column":15},"end":{"line":110,"column":36}},"53":{"start":{"line":111,"column":4},"end":{"line":111,"column":null}},"54":{"start":{"line":111,"column":26},"end":{"line":111,"column":null}},"55":{"start":{"line":112,"column":18},"end":{"line":112,"column":29}},"56":{"start":{"line":113,"column":17},"end":{"line":113,"column":47}},"57":{"start":{"line":113,"column":35},"end":{"line":113,"column":46}},"58":{"start":{"line":114,"column":4},"end":{"line":114,"column":null}},"59":{"start":{"line":114,"column":15},"end":{"line":114,"column":null}},"60":{"start":{"line":115,"column":4},"end":{"line":115,"column":null}},"61":{"start":{"line":123,"column":0},"end":{"line":139,"column":null}},"62":{"start":{"line":124,"column":22},"end":{"line":124,"column":36}},"63":{"start":{"line":125,"column":4},"end":{"line":127,"column":null}},"64":{"start":{"line":126,"column":8},"end":{"line":126,"column":null}},"65":{"start":{"line":128,"column":18},"end":{"line":128,"column":29}},"66":{"start":{"line":129,"column":15},"end":{"line":129,"column":42}},"67":{"start":{"line":130,"column":20},"end":{"line":135,"column":5}},"68":{"start":{"line":136,"column":4},"end":{"line":136,"column":null}},"69":{"start":{"line":137,"column":4},"end":{"line":137,"column":null}},"70":{"start":{"line":138,"column":4},"end":{"line":138,"column":null}},"71":{"start":{"line":146,"column":0},"end":{"line":167,"column":null}},"72":{"start":{"line":147,"column":15},"end":{"line":147,"column":36}},"73":{"start":{"line":148,"column":4},"end":{"line":148,"column":null}},"74":{"start":{"line":148,"column":26},"end":{"line":148,"column":null}},"75":{"start":{"line":150,"column":28},"end":{"line":150,"column":42}},"76":{"start":{"line":151,"column":4},"end":{"line":153,"column":null}},"77":{"start":{"line":152,"column":8},"end":{"line":152,"column":null}},"78":{"start":{"line":154,"column":4},"end":{"line":156,"column":null}},"79":{"start":{"line":155,"column":8},"end":{"line":155,"column":null}},"80":{"start":{"line":158,"column":18},"end":{"line":158,"column":29}},"81":{"start":{"line":159,"column":16},"end":{"line":159,"column":51}},"82":{"start":{"line":159,"column":39},"end":{"line":159,"column":50}},"83":{"start":{"line":160,"column":4},"end":{"line":160,"column":null}},"84":{"start":{"line":160,"column":20},"end":{"line":160,"column":null}},"85":{"start":{"line":162,"column":4},"end":{"line":162,"column":null}},"86":{"start":{"line":162,"column":29},"end":{"line":162,"column":null}},"87":{"start":{"line":163,"column":4},"end":{"line":163,"column":null}},"88":{"start":{"line":163,"column":28},"end":{"line":163,"column":null}},"89":{"start":{"line":165,"column":4},"end":{"line":165,"column":null}},"90":{"start":{"line":166,"column":4},"end":{"line":166,"column":null}},"91":{"start":{"line":173,"column":0},"end":{"line":184,"column":null}},"92":{"start":{"line":174,"column":15},"end":{"line":174,"column":36}},"93":{"start":{"line":175,"column":4},"end":{"line":175,"column":null}},"94":{"start":{"line":175,"column":26},"end":{"line":175,"column":null}},"95":{"start":{"line":177,"column":18},"end":{"line":177,"column":29}},"96":{"start":{"line":178,"column":19},"end":{"line":178,"column":49}},"97":{"start":{"line":178,"column":37},"end":{"line":178,"column":48}},"98":{"start":{"line":179,"column":4},"end":{"line":179,"column":null}},"99":{"start":{"line":179,"column":17},"end":{"line":179,"column":null}},"100":{"start":{"line":181,"column":20},"end":{"line":181,"column":52}},"101":{"start":{"line":181,"column":40},"end":{"line":181,"column":51}},"102":{"start":{"line":182,"column":4},"end":{"line":182,"column":null}},"103":{"start":{"line":183,"column":4},"end":{"line":183,"column":null}},"104":{"start":{"line":187,"column":0},"end":{"line":189,"column":null}},"105":{"start":{"line":188,"column":4},"end":{"line":188,"column":null}},"106":{"start":{"line":191,"column":0},"end":{"line":193,"column":null}},"107":{"start":{"line":192,"column":4},"end":{"line":192,"column":null}}},"fnMap":{"0":{"name":"loadTasks","decl":{"start":{"line":14,"column":9},"end":{"line":14,"column":18}},"loc":{"start":{"line":14,"column":21},"end":{"line":23,"column":null}},"line":14},"1":{"name":"saveTasks","decl":{"start":{"line":25,"column":9},"end":{"line":25,"column":18}},"loc":{"start":{"line":25,"column":26},"end":{"line":27,"column":null}},"line":25},"2":{"name":"(anonymous_2)","decl":{"start":{"line":36,"column":13},"end":{"line":36,"column":14}},"loc":{"start":{"line":36,"column":27},"end":{"line":38,"column":1}},"line":36},"3":{"name":"(anonymous_3)","decl":{"start":{"line":47,"column":18},"end":{"line":47,"column":19}},"loc":{"start":{"line":47,"column":32},"end":{"line":103,"column":1}},"line":47},"4":{"name":"(anonymous_4)","decl":{"start":{"line":57,"column":29},"end":{"line":57,"column":30}},"loc":{"start":{"line":57,"column":36},"end":{"line":57,"column":55}},"line":57},"5":{"name":"(anonymous_5)","decl":{"start":{"line":63,"column":29},"end":{"line":63,"column":30}},"loc":{"start":{"line":63,"column":36},"end":{"line":63,"column":75}},"line":63},"6":{"name":"(anonymous_6)","decl":{"start":{"line":73,"column":19},"end":{"line":73,"column":20}},"loc":{"start":{"line":73,"column":29},"end":{"line":79,"column":9}},"line":73},"7":{"name":"(anonymous_7)","decl":{"start":{"line":109,"column":22},"end":{"line":109,"column":23}},"loc":{"start":{"line":109,"column":36},"end":{"line":116,"column":1}},"line":109},"8":{"name":"(anonymous_8)","decl":{"start":{"line":113,"column":28},"end":{"line":113,"column":29}},"loc":{"start":{"line":113,"column":35},"end":{"line":113,"column":46}},"line":113},"9":{"name":"(anonymous_9)","decl":{"start":{"line":123,"column":19},"end":{"line":123,"column":20}},"loc":{"start":{"line":123,"column":33},"end":{"line":139,"column":1}},"line":123},"10":{"name":"(anonymous_10)","decl":{"start":{"line":146,"column":24},"end":{"line":146,"column":25}},"loc":{"start":{"line":146,"column":38},"end":{"line":167,"column":1}},"line":146},"11":{"name":"(anonymous_11)","decl":{"start":{"line":159,"column":32},"end":{"line":159,"column":33}},"loc":{"start":{"line":159,"column":39},"end":{"line":159,"column":50}},"line":159},"12":{"name":"(anonymous_12)","decl":{"start":{"line":173,"column":25},"end":{"line":173,"column":26}},"loc":{"start":{"line":173,"column":39},"end":{"line":184,"column":1}},"line":173},"13":{"name":"(anonymous_13)","decl":{"start":{"line":178,"column":30},"end":{"line":178,"column":31}},"loc":{"start":{"line":178,"column":37},"end":{"line":178,"column":48}},"line":178},"14":{"name":"(anonymous_14)","decl":{"start":{"line":181,"column":33},"end":{"line":181,"column":34}},"loc":{"start":{"line":181,"column":40},"end":{"line":181,"column":51}},"line":181},"15":{"name":"(anonymous_15)","decl":{"start":{"line":187,"column":8},"end":{"line":187,"column":9}},"loc":{"start":{"line":187,"column":22},"end":{"line":189,"column":1}},"line":187},"16":{"name":"(anonymous_16)","decl":{"start":{"line":191,"column":17},"end":{"line":191,"column":18}},"loc":{"start":{"line":191,"column":23},"end":{"line":193,"column":1}},"line":191}},"branchMap":{"0":{"loc":{"start":{"line":18,"column":15},"end":{"line":18,"column":46}},"type":"cond-expr","locations":[{"start":{"line":18,"column":37},"end":{"line":18,"column":41}},{"start":{"line":18,"column":44},"end":{"line":18,"column":46}}],"line":18},"1":{"loc":{"start":{"line":30,"column":13},"end":{"line":30,"column":37}},"type":"binary-expr","locations":[{"start":{"line":30,"column":13},"end":{"line":30,"column":29}},{"start":{"line":30,"column":33},"end":{"line":30,"column":37}}],"line":30},"2":{"loc":{"start":{"line":48,"column":32},"end":{"line":48,"column":45}},"type":"default-arg","locations":[{"start":{"line":48,"column":40},"end":{"line":48,"column":45}}],"line":48},"3":{"loc":{"start":{"line":52,"column":4},"end":{"line":58,"column":null}},"type":"if","locations":[{"start":{"line":52,"column":4},"end":{"line":58,"column":null}},{"start":{},"end":{}}],"line":52},"4":{"loc":{"start":{"line":53,"column":8},"end":{"line":55,"column":null}},"type":"if","locations":[{"start":{"line":53,"column":8},"end":{"line":55,"column":null}},{"start":{},"end":{}}],"line":53},"5":{"loc":{"start":{"line":53,"column":12},"end":{"line":53,"column":47}},"type":"binary-expr","locations":[{"start":{"line":53,"column":12},"end":{"line":53,"column":27}},{"start":{"line":53,"column":31},"end":{"line":53,"column":47}}],"line":53},"6":{"loc":{"start":{"line":61,"column":4},"end":{"line":64,"column":null}},"type":"if","locations":[{"start":{"line":61,"column":4},"end":{"line":64,"column":null}},{"start":{},"end":{}}],"line":61},"7":{"loc":{"start":{"line":68,"column":4},"end":{"line":80,"column":null}},"type":"if","locations":[{"start":{"line":68,"column":4},"end":{"line":80,"column":null}},{"start":{},"end":{}}],"line":68},"8":{"loc":{"start":{"line":70,"column":8},"end":{"line":72,"column":null}},"type":"if","locations":[{"start":{"line":70,"column":8},"end":{"line":72,"column":null}},{"start":{},"end":{}}],"line":70},"9":{"loc":{"start":{"line":76,"column":12},"end":{"line":76,"column":null}},"type":"if","locations":[{"start":{"line":76,"column":12},"end":{"line":76,"column":null}},{"start":{},"end":{}}],"line":76},"10":{"loc":{"start":{"line":76,"column":36},"end":{"line":76,"column":60}},"type":"cond-expr","locations":[{"start":{"line":76,"column":54},"end":{"line":76,"column":56}},{"start":{"line":76,"column":59},"end":{"line":76,"column":60}}],"line":76},"11":{"loc":{"start":{"line":77,"column":12},"end":{"line":77,"column":null}},"type":"if","locations":[{"start":{"line":77,"column":12},"end":{"line":77,"column":null}},{"start":{},"end":{}}],"line":77},"12":{"loc":{"start":{"line":77,"column":36},"end":{"line":77,"column":60}},"type":"cond-expr","locations":[{"start":{"line":77,"column":54},"end":{"line":77,"column":55}},{"start":{"line":77,"column":58},"end":{"line":77,"column":60}}],"line":77},"13":{"loc":{"start":{"line":84,"column":4},"end":{"line":96,"column":null}},"type":"if","locations":[{"start":{"line":84,"column":4},"end":{"line":96,"column":null}},{"start":{},"end":{}}],"line":84},"14":{"loc":{"start":{"line":86,"column":19},"end":{"line":86,"column":38}},"type":"binary-expr","locations":[{"start":{"line":86,"column":19},"end":{"line":86,"column":33}},{"start":{"line":86,"column":37},"end":{"line":86,"column":38}}],"line":86},"15":{"loc":{"start":{"line":87,"column":8},"end":{"line":89,"column":null}},"type":"if","locations":[{"start":{"line":87,"column":8},"end":{"line":89,"column":null}},{"start":{},"end":{}}],"line":87},"16":{"loc":{"start":{"line":87,"column":12},"end":{"line":87,"column":34}},"type":"binary-expr","locations":[{"start":{"line":87,"column":12},"end":{"line":87,"column":22}},{"start":{"line":87,"column":26},"end":{"line":87,"column":34}}],"line":87},"17":{"loc":{"start":{"line":90,"column":8},"end":{"line":92,"column":null}},"type":"if","locations":[{"start":{"line":90,"column":8},"end":{"line":92,"column":null}},{"start":{},"end":{}}],"line":90},"18":{"loc":{"start":{"line":100,"column":14},"end":{"line":100,"column":33}},"type":"binary-expr","locations":[{"start":{"line":100,"column":14},"end":{"line":100,"column":28}},{"start":{"line":100,"column":32},"end":{"line":100,"column":33}}],"line":100},"19":{"loc":{"start":{"line":111,"column":4},"end":{"line":111,"column":null}},"type":"if","locations":[{"start":{"line":111,"column":4},"end":{"line":111,"column":null}},{"start":{},"end":{}}],"line":111},"20":{"loc":{"start":{"line":114,"column":4},"end":{"line":114,"column":null}},"type":"if","locations":[{"start":{"line":114,"column":4},"end":{"line":114,"column":null}},{"start":{},"end":{}}],"line":114},"21":{"loc":{"start":{"line":124,"column":22},"end":{"line":124,"column":36}},"type":"binary-expr","locations":[{"start":{"line":124,"column":22},"end":{"line":124,"column":30}},{"start":{"line":124,"column":34},"end":{"line":124,"column":36}}],"line":124},"22":{"loc":{"start":{"line":125,"column":4},"end":{"line":127,"column":null}},"type":"if","locations":[{"start":{"line":125,"column":4},"end":{"line":127,"column":null}},{"start":{},"end":{}}],"line":125},"23":{"loc":{"start":{"line":125,"column":8},"end":{"line":125,"column":60}},"type":"binary-expr","locations":[{"start":{"line":125,"column":8},"end":{"line":125,"column":14}},{"start":{"line":125,"column":18},"end":{"line":125,"column":43}},{"start":{"line":125,"column":47},"end":{"line":125,"column":60}}],"line":125},"24":{"loc":{"start":{"line":129,"column":16},"end":{"line":129,"column":37}},"type":"binary-expr","locations":[{"start":{"line":129,"column":16},"end":{"line":129,"column":32}},{"start":{"line":129,"column":36},"end":{"line":129,"column":37}}],"line":129},"25":{"loc":{"start":{"line":148,"column":4},"end":{"line":148,"column":null}},"type":"if","locations":[{"start":{"line":148,"column":4},"end":{"line":148,"column":null}},{"start":{},"end":{}}],"line":148},"26":{"loc":{"start":{"line":150,"column":28},"end":{"line":150,"column":42}},"type":"binary-expr","locations":[{"start":{"line":150,"column":28},"end":{"line":150,"column":36}},{"start":{"line":150,"column":40},"end":{"line":150,"column":42}}],"line":150},"27":{"loc":{"start":{"line":151,"column":4},"end":{"line":153,"column":null}},"type":"if","locations":[{"start":{"line":151,"column":4},"end":{"line":153,"column":null}},{"start":{},"end":{}}],"line":151},"28":{"loc":{"start":{"line":151,"column":8},"end":{"line":151,"column":75}},"type":"binary-expr","locations":[{"start":{"line":151,"column":8},"end":{"line":151,"column":27}},{"start":{"line":151,"column":32},"end":{"line":151,"column":57}},{"start":{"line":151,"column":61},"end":{"line":151,"column":74}}],"line":151},"29":{"loc":{"start":{"line":154,"column":4},"end":{"line":156,"column":null}},"type":"if","locations":[{"start":{"line":154,"column":4},"end":{"line":156,"column":null}},{"start":{},"end":{}}],"line":154},"30":{"loc":{"start":{"line":154,"column":8},"end":{"line":154,"column":55}},"type":"binary-expr","locations":[{"start":{"line":154,"column":8},"end":{"line":154,"column":26}},{"start":{"line":154,"column":30},"end":{"line":154,"column":55}}],"line":154},"31":{"loc":{"start":{"line":160,"column":4},"end":{"line":160,"column":null}},"type":"if","locations":[{"start":{"line":160,"column":4},"end":{"line":160,"column":null}},{"start":{},"end":{}}],"line":160},"32":{"loc":{"start":{"line":162,"column":4},"end":{"line":162,"column":null}},"type":"if","locations":[{"start":{"line":162,"column":4},"end":{"line":162,"column":null}},{"start":{},"end":{}}],"line":162},"33":{"loc":{"start":{"line":163,"column":4},"end":{"line":163,"column":null}},"type":"if","locations":[{"start":{"line":163,"column":4},"end":{"line":163,"column":null}},{"start":{},"end":{}}],"line":163},"34":{"loc":{"start":{"line":175,"column":4},"end":{"line":175,"column":null}},"type":"if","locations":[{"start":{"line":175,"column":4},"end":{"line":175,"column":null}},{"start":{},"end":{}}],"line":175},"35":{"loc":{"start":{"line":179,"column":4},"end":{"line":179,"column":null}},"type":"if","locations":[{"start":{"line":179,"column":4},"end":{"line":179,"column":null}},{"start":{},"end":{}}],"line":179}},"s":{"0":1,"1":1,"2":1,"3":16,"4":16,"5":16,"6":16,"7":0,"8":4,"9":1,"10":1,"11":1,"12":1,"13":1,"14":1,"15":7,"16":7,"17":7,"18":3,"19":1,"20":2,"21":2,"22":10,"23":6,"24":1,"25":1,"26":5,"27":6,"28":1,"29":1,"30":0,"31":1,"32":4,"33":4,"34":4,"35":0,"36":4,"37":4,"38":0,"39":6,"40":6,"41":1,"42":1,"43":1,"44":0,"45":1,"46":0,"47":1,"48":1,"49":1,"50":6,"51":1,"52":4,"53":4,"54":1,"55":3,"56":3,"57":1,"58":3,"59":2,"60":1,"61":1,"62":3,"63":3,"64":2,"65":1,"66":1,"67":3,"68":3,"69":3,"70":3,"71":1,"72":5,"73":5,"74":0,"75":5,"76":5,"77":1,"78":4,"79":1,"80":3,"81":3,"82":2,"83":3,"84":1,"85":2,"86":2,"87":2,"88":1,"89":2,"90":2,"91":1,"92":2,"93":2,"94":0,"95":2,"96":2,"97":1,"98":2,"99":1,"100":1,"101":1,"102":1,"103":1,"104":1,"105":1,"106":1,"107":1},"f":{"0":16,"1":4,"2":1,"3":7,"4":10,"5":5,"6":4,"7":4,"8":1,"9":3,"10":5,"11":2,"12":2,"13":1,"14":1,"15":1,"16":1},"b":{"0":[16,0],"1":[1,1],"2":[7],"3":[3,4],"4":[1,2],"5":[3,2],"6":[1,5],"7":[1,5],"8":[0,1],"9":[0,4],"10":[0,0],"11":[4,0],"12":[0,4],"13":[1,5],"14":[1,0],"15":[0,1],"16":[1,1],"17":[0,1],"18":[6,5],"19":[1,3],"20":[2,1],"21":[3,0],"22":[2,1],"23":[3,2,2],"24":[1,1],"25":[0,5],"26":[5,0],"27":[1,4],"28":[5,2,2],"29":[1,3],"30":[4,3],"31":[1,2],"32":[1,1],"33":[1,1],"34":[0,2],"35":[1,1]},"meta":{"lastBranch":36,"lastFunction":17,"lastStatement":108,"seen":{"s:7:18:7:49":0,"s:8:18:8:42":1,"s:11:18:11:60":2,"f:14:9:14:18":0,"s:15:4:22:Infinity":3,"s:16:20:16:55":4,"s:17:21:17:36":5,"s:18:8:18:Infinity":6,"b:18:37:18:41:18:44:18:46":0,"s:21:8:21:Infinity":7,"f:25:9:25:18":1,"s:26:4:26:Infinity":8,"s:29:11:29:21":9,"s:30:13:30:37":10,"b:30:13:30:29:30:33:30:37":1,"s:33:0:33:Infinity":11,"s:36:0:38:Infinity":12,"f:36:13:36:14":2,"s:37:4:37:Infinity":13,"s:47:0:103:Infinity":14,"f:47:18:47:19":3,"s:48:63:48:72":15,"b:48:40:48:45":2,"s:49:16:49:27":16,"b:52:4:58:Infinity:undefined:undefined:undefined:undefined":3,"s:52:4:58:Infinity":17,"b:53:8:55:Infinity:undefined:undefined:undefined:undefined":4,"s:53:8:55:Infinity":18,"b:53:12:53:27:53:31:53:47":5,"s:54:12:54:Infinity":19,"s:56:25:56:40":20,"s:57:8:57:Infinity":21,"f:57:29:57:30":4,"s:57:36:57:55":22,"b:61:4:64:Infinity:undefined:undefined:undefined:undefined":6,"s:61:4:64:Infinity":23,"s:62:24:62:44":24,"s:63:8:63:Infinity":25,"f:63:29:63:30":5,"s:63:36:63:75":26,"b:68:4:80:Infinity:undefined:undefined:undefined:undefined":7,"s:68:4:80:Infinity":27,"s:69:28:69:64":28,"b:70:8:72:Infinity:undefined:undefined:undefined:undefined":8,"s:70:8:72:Infinity":29,"s:71:12:71:Infinity":30,"s:73:8:79:Infinity":31,"f:73:19:73:20":6,"s:74:25:74:32":32,"s:75:25:75:32":33,"b:76:12:76:Infinity:undefined:undefined:undefined:undefined":9,"s:76:12:76:Infinity":34,"s:76:29:76:Infinity":35,"b:76:54:76:56:76:59:76:60":10,"b:77:12:77:Infinity:undefined:undefined:undefined:undefined":11,"s:77:12:77:Infinity":36,"s:77:29:77:Infinity":37,"b:77:54:77:55:77:58:77:60":12,"s:78:12:78:Infinity":38,"s:83:20:83:25":39,"b:84:4:96:Infinity:undefined:undefined:undefined:undefined":13,"s:84:4:96:Infinity":40,"s:85:20:85:35":41,"s:86:19:86:38":42,"b:86:19:86:33:86:37:86:38":14,"b:87:8:89:Infinity:undefined:undefined:undefined:undefined":15,"s:87:8:89:Infinity":43,"b:87:12:87:22:87:26:87:34":16,"s:88:12:88:Infinity":44,"b:90:8:92:Infinity:undefined:undefined:undefined:undefined":17,"s:90:8:92:Infinity":45,"s:91:12:91:Infinity":46,"s:93:22:93:36":47,"s:94:20:94:31":48,"s:95:8:95:Infinity":49,"s:97:4:102:Infinity":50,"b:100:14:100:28:100:32:100:33":18,"s:109:0:116:Infinity":51,"f:109:22:109:23":7,"s:110:15:110:36":52,"b:111:4:111:Infinity:undefined:undefined:undefined:undefined":19,"s:111:4:111:Infinity":53,"s:111:26:111:Infinity":54,"s:112:18:112:29":55,"s:113:17:113:47":56,"f:113:28:113:29":8,"s:113:35:113:46":57,"b:114:4:114:Infinity:undefined:undefined:undefined:undefined":20,"s:114:4:114:Infinity":58,"s:114:15:114:Infinity":59,"s:115:4:115:Infinity":60,"s:123:0:139:Infinity":61,"f:123:19:123:20":9,"s:124:22:124:36":62,"b:124:22:124:30:124:34:124:36":21,"b:125:4:127:Infinity:undefined:undefined:undefined:undefined":22,"s:125:4:127:Infinity":63,"b:125:8:125:14:125:18:125:43:125:47:125:60":23,"s:126:8:126:Infinity":64,"s:128:18:128:29":65,"s:129:15:129:42":66,"b:129:16:129:32:129:36:129:37":24,"s:130:20:135:5":67,"s:136:4:136:Infinity":68,"s:137:4:137:Infinity":69,"s:138:4:138:Infinity":70,"s:146:0:167:Infinity":71,"f:146:24:146:25":10,"s:147:15:147:36":72,"b:148:4:148:Infinity:undefined:undefined:undefined:undefined":25,"s:148:4:148:Infinity":73,"s:148:26:148:Infinity":74,"s:150:28:150:42":75,"b:150:28:150:36:150:40:150:42":26,"b:151:4:153:Infinity:undefined:undefined:undefined:undefined":27,"s:151:4:153:Infinity":76,"b:151:8:151:27:151:32:151:57:151:61:151:74":28,"s:152:8:152:Infinity":77,"b:154:4:156:Infinity:undefined:undefined:undefined:undefined":29,"s:154:4:156:Infinity":78,"b:154:8:154:26:154:30:154:55":30,"s:155:8:155:Infinity":79,"s:158:18:158:29":80,"s:159:16:159:51":81,"f:159:32:159:33":11,"s:159:39:159:50":82,"b:160:4:160:Infinity:undefined:undefined:undefined:undefined":31,"s:160:4:160:Infinity":83,"s:160:20:160:Infinity":84,"b:162:4:162:Infinity:undefined:undefined:undefined:undefined":32,"s:162:4:162:Infinity":85,"s:162:29:162:Infinity":86,"b:163:4:163:Infinity:undefined:undefined:undefined:undefined":33,"s:163:4:163:Infinity":87,"s:163:28:163:Infinity":88,"s:165:4:165:Infinity":89,"s:166:4:166:Infinity":90,"s:173:0:184:Infinity":91,"f:173:25:173:26":12,"s:174:15:174:36":92,"b:175:4:175:Infinity:undefined:undefined:undefined:undefined":34,"s:175:4:175:Infinity":93,"s:175:26:175:Infinity":94,"s:177:18:177:29":95,"s:178:19:178:49":96,"f:178:30:178:31":13,"s:178:37:178:48":97,"b:179:4:179:Infinity:undefined:undefined:undefined:undefined":35,"s:179:4:179:Infinity":98,"s:179:17:179:Infinity":99,"s:181:20:181:52":100,"f:181:33:181:34":14,"s:181:40:181:51":101,"s:182:4:182:Infinity":102,"s:183:4:183:Infinity":103,"s:187:0:189:Infinity":104,"f:187:8:187:9":15,"s:188:4:188:Infinity":105,"s:191:0:193:Infinity":106,"f:191:17:191:18":16,"s:192:4:192:Infinity":107}}}
}
