TN:
SF:index.js
FN:14,loadTasks
FN:25,saveTasks
FN:36,(anonymous_2)
FN:47,(anonymous_3)
FN:57,(anonymous_4)
FN:63,(anonymous_5)
FN:73,(anonymous_6)
FN:109,(anonymous_7)
FN:113,(anonymous_8)
FN:123,(anonymous_9)
FN:146,(anonymous_10)
FN:159,(anonymous_11)
FN:173,(anonymous_12)
FN:178,(anonymous_13)
FN:181,(anonymous_14)
FN:187,(anonymous_15)
FN:191,(anonymous_16)
FNF:17
FNH:17
FNDA:16,loadTasks
FNDA:4,saveTasks
FNDA:1,(anonymous_2)
FNDA:7,(anonymous_3)
FNDA:10,(anonymous_4)
FNDA:5,(anonymous_5)
FNDA:4,(anonymous_6)
FNDA:4,(anonymous_7)
FNDA:1,(anonymous_8)
FNDA:3,(anonymous_9)
FNDA:5,(anonymous_10)
FNDA:2,(anonymous_11)
FNDA:2,(anonymous_12)
FNDA:1,(anonymous_13)
FNDA:1,(anonymous_14)
FNDA:1,(anonymous_15)
FNDA:1,(anonymous_16)
DA:7,1
DA:8,1
DA:11,1
DA:15,16
DA:16,16
DA:17,16
DA:18,16
DA:21,0
DA:26,4
DA:29,1
DA:30,1
DA:33,1
DA:36,1
DA:37,1
DA:47,1
DA:48,7
DA:49,7
DA:52,7
DA:53,3
DA:54,1
DA:56,2
DA:57,10
DA:61,6
DA:62,1
DA:63,5
DA:68,6
DA:69,1
DA:70,1
DA:71,0
DA:73,1
DA:74,4
DA:75,4
DA:76,4
DA:77,4
DA:78,0
DA:83,6
DA:84,6
DA:85,1
DA:86,1
DA:87,1
DA:88,0
DA:90,1
DA:91,0
DA:93,1
DA:94,1
DA:95,1
DA:97,6
DA:109,1
DA:110,4
DA:111,4
DA:112,3
DA:113,3
DA:114,3
DA:115,1
DA:123,1
DA:124,3
DA:125,3
DA:126,2
DA:128,1
DA:129,1
DA:130,3
DA:136,3
DA:137,3
DA:138,3
DA:146,1
DA:147,5
DA:148,5
DA:150,5
DA:151,5
DA:152,1
DA:154,4
DA:155,1
DA:158,3
DA:159,3
DA:160,3
DA:162,2
DA:163,2
DA:165,2
DA:166,2
DA:173,1
DA:174,2
DA:175,2
DA:177,2
DA:178,2
DA:179,2
DA:181,1
DA:182,1
DA:183,1
DA:187,1
DA:188,1
DA:191,1
DA:192,1
LF:92
LH:87
BRDA:18,0,0,16
BRDA:18,0,1,0
BRDA:30,1,0,1
BRDA:30,1,1,1
BRDA:48,2,0,7
BRDA:52,3,0,3
BRDA:52,3,1,4
BRDA:53,4,0,1
BRDA:53,4,1,2
BRDA:53,5,0,3
BRDA:53,5,1,2
BRDA:61,6,0,1
BRDA:61,6,1,5
BRDA:68,7,0,1
BRDA:68,7,1,5
BRDA:70,8,0,0
BRDA:70,8,1,1
BRDA:76,9,0,0
BRDA:76,9,1,4
BRDA:76,10,0,0
BRDA:76,10,1,0
BRDA:77,11,0,4
BRDA:77,11,1,0
BRDA:77,12,0,0
BRDA:77,12,1,4
BRDA:84,13,0,1
BRDA:84,13,1,5
BRDA:86,14,0,1
BRDA:86,14,1,0
BRDA:87,15,0,0
BRDA:87,15,1,1
BRDA:87,16,0,1
BRDA:87,16,1,1
BRDA:90,17,0,0
BRDA:90,17,1,1
BRDA:100,18,0,6
BRDA:100,18,1,5
BRDA:111,19,0,1
BRDA:111,19,1,3
BRDA:114,20,0,2
BRDA:114,20,1,1
BRDA:124,21,0,3
BRDA:124,21,1,0
BRDA:125,22,0,2
BRDA:125,22,1,1
BRDA:125,23,0,3
BRDA:125,23,1,2
BRDA:125,23,2,2
BRDA:129,24,0,1
BRDA:129,24,1,1
BRDA:148,25,0,0
BRDA:148,25,1,5
BRDA:150,26,0,5
BRDA:150,26,1,0
BRDA:151,27,0,1
BRDA:151,27,1,4
BRDA:151,28,0,5
BRDA:151,28,1,2
BRDA:151,28,2,2
BRDA:154,29,0,1
BRDA:154,29,1,3
BRDA:154,30,0,4
BRDA:154,30,1,3
BRDA:160,31,0,1
BRDA:160,31,1,2
BRDA:162,32,0,1
BRDA:162,32,1,1
BRDA:163,33,0,1
BRDA:163,33,1,1
BRDA:175,34,0,0
BRDA:175,34,1,2
BRDA:179,35,0,1
BRDA:179,35,1,1
BRF:73
BRH:59
end_of_record
